<?xml version="1.0" encoding="UTF-8"?>
<testng-results ignored="0" total="1" passed="1" failed="0" skipped="0">
  <reporter-output>
  </reporter-output>
  <suite started-at="2023-12-16T12:07:20 IST" name="Default suite" finished-at="2023-12-16T12:07:21 IST" duration-ms="157">
    <groups>
    </groups>
    <test started-at="2023-12-16T12:07:20 IST" name="Default test" finished-at="2023-12-16T12:07:21 IST" duration-ms="157">
      <class name="demo.SampleTest">
        <test-method signature="m1()[pri:0, instance:demo.SampleTest@1c5920df]" started-at="2023-12-16T12:07:21 IST" name="m1" finished-at="2023-12-16T12:07:21 IST" duration-ms="16" status="PASS">
          <reporter-output>
          </reporter-output>
        </test-method> <!-- m1 -->
      </class> <!-- demo.SampleTest -->
    </test> <!-- Default test -->
  </suite> <!-- Default suite -->
</testng-results>
